#
# A fatal error has been detected by the Java Runtime Environment:
#
#  EXCEPTION_ACCESS_VIOLATION (0xc0000005) at pc=0x6d0b71e0, pid=3316, tid=3916
#
# JRE version: 6.0_29-b11
# Java VM: Java HotSpot(TM) Client VM (20.4-b02 mixed mode, sharing windows-x86 )
# Problematic frame:
# C  [awt.dll+0xb71e0]
#
# If you would like to submit a bug report, please visit:
#   http://java.sun.com/webapps/bugreport/crash.jsp
# The crash happened outside the Java Virtual Machine in native code.
# See problematic frame for where to report the bug.
#

---------------  T H R E A D  ---------------

Current thread (0x0208d400):  JavaThread "AWT-Windows" daemon [_thread_in_native, id=3916, stack(0x04a30000,0x04a80000)]

siginfo: ExceptionCode=0xc0000005, reading address 0x00000000

Registers:
EAX=0x04a7f8a8, EBX=0x052d7d50, ECX=0x00000362, EDX=0x00000180
ESP=0x04a7f890, EBP=0x00000000, ESI=0x00000000, EDI=0x00000180
EIP=0x6d0b71e0, EFLAGS=0x00010212

Top of Stack: (sp=0x04a7f890)
0x04a7f890:   04a7f8a8 00001000 00000000 0208dc00
0x04a7f8a0:   00000001 04a7f898 04a7f89c 6d0aebbd
0x04a7f8b0:   00000000 00000000 0208dc00 6d0aec8a
0x04a7f8c0:   00000000 0208dc00 00000001 6d0aed8e
0x04a7f8d0:   0208dc00 6d063d02 0201c860 00000000
0x04a7f8e0:   6d0b0cf0 00000001 6d104f60 6d104940
0x04a7f8f0:   0201c860 6d0b20e2 6d104f58 6d0b22c9
0x04a7f900:   6d09ab33 00000000 75a51450 00000f4c 

Instructions: (pc=0x6d0b71e0)
0x6d0b71c0:   d8 56 8b b3 10 a0 00 00 1b c0 57 25 00 f0 ff ff
0x6d0b71d0:   05 00 20 00 00 50 c1 e2 05 8d 44 24 14 50 8b fa
0x6d0b71e0:   8b 16 57 c1 e1 05 51 56 ff 52 2c 85 c0 0f 8c 93
0x6d0b71f0:   00 00 00 8b 53 04 8b cf 8b 7c 24 10 8b c1 c1 e9 


Register to memory mapping:

EAX=0x04a7f8a8 is pointing into the stack for thread: 0x0208d400
EBX=0x052d7d50 is an unknown value
ECX=0x00000362 is an unknown value
EDX=0x00000180 is an unknown value
ESP=0x04a7f890 is pointing into the stack for thread: 0x0208d400
EBP=0x00000000 is an unknown value
ESI=0x00000000 is an unknown value
EDI=0x00000180 is an unknown value


Stack: [0x04a30000,0x04a80000],  sp=0x04a7f890,  free space=318k
Native frames: (J=compiled Java code, j=interpreted, Vv=VM code, C=native code)
C  [awt.dll+0xb71e0]  D3DVertexCacher::Render+0x50

[error occurred during error reporting (printing native stack), id 0xc0000005]

Java frames: (J=compiled Java code, j=interpreted, Vv=VM code)
j  sun.awt.windows.WToolkit.eventLoop()V+0
j  sun.awt.windows.WToolkit.run()V+52
j  java.lang.Thread.run()V+11
v  ~StubRoutines::call_stub

---------------  P R O C E S S  ---------------

Java Threads: ( => current thread )
  0x053acc00 JavaThread "Thread-1" daemon [_thread_in_native, id=1252, stack(0x0a600000,0x0a650000)]
  0x08832800 JavaThread "TimerQueue" daemon [_thread_blocked, id=1876, stack(0x080e0000,0x08130000)]
  0x02149000 JavaThread "DestroyJavaVM" [_thread_blocked, id=2236, stack(0x003a0000,0x003f0000)]
  0x020aa400 JavaThread "AWT-EventQueue-0" [_thread_blocked, id=2928, stack(0x08620000,0x08670000)]
=>0x0208d400 JavaThread "AWT-Windows" daemon [_thread_in_native, id=3916, stack(0x04a30000,0x04a80000)]
  0x0208d000 JavaThread "AWT-Shutdown" [_thread_blocked, id=3000, stack(0x049a0000,0x049f0000)]
  0x0208c800 JavaThread "Java2D Disposer" daemon [_thread_blocked, id=3836, stack(0x04910000,0x04960000)]
  0x0202ec00 JavaThread "Low Memory Detector" daemon [_thread_blocked, id=2912, stack(0x045b0000,0x04600000)]
  0x0202a000 JavaThread "C1 CompilerThread0" daemon [_thread_blocked, id=2160, stack(0x04520000,0x04570000)]
  0x02028c00 JavaThread "Attach Listener" daemon [_thread_blocked, id=1224, stack(0x04490000,0x044e0000)]
  0x02025c00 JavaThread "Signal Dispatcher" daemon [_thread_blocked, id=1012, stack(0x04400000,0x04450000)]
  0x0201d000 JavaThread "Finalizer" daemon [_thread_blocked, id=3168, stack(0x04370000,0x043c0000)]
  0x0201b000 JavaThread "Reference Handler" daemon [_thread_blocked, id=856, stack(0x042e0000,0x04330000)]

Other Threads:
  0x01fdf000 VMThread [stack: 0x04250000,0x042a0000] [id=4064]
  0x02040400 WatcherThread [stack: 0x04640000,0x04690000] [id=1408]

VM state:not at safepoint (normal execution)

VM Mutex/Monitor currently owned by a thread: None

Heap
 def new generation   total 45312K, used 1377K [0x24630000, 0x27750000, 0x29b80000)
  eden space 40320K,   3% used [0x24630000, 0x24788630, 0x26d90000)
  from space 4992K,   0% used [0x26d90000, 0x26d90000, 0x27270000)
  to   space 4992K,   0% used [0x27270000, 0x27270000, 0x27750000)
 tenured generation   total 100548K, used 40667K [0x29b80000, 0x2fdb1000, 0x34630000)
   the space 100548K,  40% used [0x29b80000, 0x2c336e90, 0x2c337000, 0x2fdb1000)
 compacting perm gen  total 12288K, used 2182K [0x34630000, 0x35230000, 0x38630000)
   the space 12288K,  17% used [0x34630000, 0x34851be0, 0x34851c00, 0x35230000)
    ro space 10240K,  51% used [0x38630000, 0x38b5d0b8, 0x38b5d200, 0x39030000)
    rw space 12288K,  54% used [0x39030000, 0x396c9570, 0x396c9600, 0x39c30000)

Code Cache  [0x02150000, 0x024c0000, 0x04150000)
 total_blobs=2085 nmethods=1837 adapters=181 free_code_cache=29972864 largest_free_block=320

Dynamic libraries:
0x00400000 - 0x00424000 	C:\Program Files (x86)\Java\jre6\bin\javaw.exe
0x775e0000 - 0x77760000 	C:\Windows\SysWOW64\ntdll.dll
0x75a40000 - 0x75b50000 	C:\Windows\syswow64\kernel32.dll
0x76030000 - 0x76076000 	C:\Windows\syswow64\KERNELBASE.dll
0x77140000 - 0x771e0000 	C:\Windows\syswow64\ADVAPI32.dll
0x76f40000 - 0x76fec000 	C:\Windows\syswow64\msvcrt.dll
0x761d0000 - 0x761e9000 	C:\Windows\SysWOW64\sechost.dll
0x76080000 - 0x76170000 	C:\Windows\syswow64\RPCRT4.dll
0x75140000 - 0x751a0000 	C:\Windows\syswow64\SspiCli.dll
0x75130000 - 0x7513c000 	C:\Windows\syswow64\CRYPTBASE.dll
0x761f0000 - 0x762f0000 	C:\Windows\syswow64\USER32.dll
0x75840000 - 0x758d0000 	C:\Windows\syswow64\GDI32.dll
0x753f0000 - 0x753fa000 	C:\Windows\syswow64\LPK.dll
0x75340000 - 0x753dd000 	C:\Windows\syswow64\USP10.dll
0x75f50000 - 0x75fb0000 	C:\Windows\system32\IMM32.DLL
0x75770000 - 0x7583c000 	C:\Windows\syswow64\MSCTF.dll
0x7c340000 - 0x7c396000 	C:\Program Files (x86)\Java\jre6\bin\msvcr71.dll
0x6d7f0000 - 0x6da9f000 	C:\Program Files (x86)\Java\jre6\bin\client\jvm.dll
0x74f50000 - 0x74f82000 	C:\Windows\system32\WINMM.dll
0x722d0000 - 0x7231c000 	C:\Windows\system32\apphelp.dll
0x6d7a0000 - 0x6d7ac000 	C:\Program Files (x86)\Java\jre6\bin\verify.dll
0x6d320000 - 0x6d33f000 	C:\Program Files (x86)\Java\jre6\bin\java.dll
0x6d7e0000 - 0x6d7ef000 	C:\Program Files (x86)\Java\jre6\bin\zip.dll
0x6d000000 - 0x6d14c000 	C:\Program Files (x86)\Java\jre6\bin\awt.dll
0x75010000 - 0x75061000 	C:\Windows\system32\WINSPOOL.DRV
0x75c80000 - 0x75ddc000 	C:\Windows\syswow64\ole32.dll
0x72cf0000 - 0x72e8e000 	C:\Windows\WinSxS\x86_microsoft.windows.common-controls_6595b64144ccf1df_6.0.7601.17514_none_41e6975e2bd6f2b2\COMCTL32.dll
0x76170000 - 0x761c7000 	C:\Windows\syswow64\SHLWAPI.dll
0x72c30000 - 0x72c43000 	C:\Windows\system32\DWMAPI.DLL
0x736d0000 - 0x73750000 	C:\Windows\system32\uxtheme.dll
0x6d230000 - 0x6d27f000 	C:\Program Files (x86)\Java\jre6\bin\fontmanager.dll
0x6cd80000 - 0x6cf43000 	C:\Windows\system32\d3d9.dll
0x72bb0000 - 0x72bb9000 	C:\Windows\system32\VERSION.dll
0x74a00000 - 0x74a06000 	C:\Windows\system32\d3d8thk.dll
0x04a80000 - 0x04b38000 	C:\Windows\system32\aticfx32.dll
0x74a10000 - 0x74a1b000 	C:\Windows\system32\atiu9pag.dll
0x6b190000 - 0x6b5ae000 	C:\Windows\system32\atiumdag.dll
0x6c990000 - 0x6cd79000 	C:\Windows\system32\atiumdva.dll
0x762f0000 - 0x76f3a000 	C:\Windows\system32\shell32.dll
0x6d600000 - 0x6d613000 	C:\Program Files (x86)\Java\jre6\bin\net.dll
0x75c40000 - 0x75c75000 	C:\Windows\syswow64\WS2_32.dll
0x753e0000 - 0x753e6000 	C:\Windows\syswow64\NSI.dll
0x72ae0000 - 0x72b1c000 	C:\Windows\system32\mswsock.dll
0x72fb0000 - 0x72fb6000 	C:\Windows\System32\wship6.dll
0x6d620000 - 0x6d629000 	C:\Program Files (x86)\Java\jre6\bin\nio.dll
0x6d1a0000 - 0x6d1c3000 	C:\Program Files (x86)\Java\jre6\bin\dcpr.dll
0x75980000 - 0x75a03000 	C:\Windows\syswow64\CLBCatQ.DLL
0x75b50000 - 0x75bdf000 	C:\Windows\syswow64\OLEAUT32.dll
0x751a0000 - 0x7533d000 	C:\Windows\syswow64\SETUPAPI.dll
0x75f20000 - 0x75f47000 	C:\Windows\syswow64\CFGMGR32.dll
0x75960000 - 0x75972000 	C:\Windows\syswow64\DEVOBJ.dll
0x73be0000 - 0x73cd5000 	C:\Windows\system32\propsys.dll
0x72320000 - 0x72341000 	C:\Windows\system32\ntmarta.dll
0x770f0000 - 0x77135000 	C:\Windows\syswow64\WLDAP32.dll
0x09a50000 - 0x09be8000 	C:\Windows\system32\NetworkExplorer.dll
0x738d0000 - 0x738fe000 	C:\Windows\System32\shdocvw.dll
0x73670000 - 0x7367b000 	C:\Windows\system32\profapi.dll
0x71f70000 - 0x71f7a000 	C:\Windows\system32\slc.dll
0x72350000 - 0x72362000 	C:\Windows\system32\MPR.dll
0x73d40000 - 0x73d48000 	C:\Windows\System32\drprov.dll
0x6dd20000 - 0x6dd49000 	C:\Windows\System32\WINSTA.dll
0x73ce0000 - 0x73cf4000 	C:\Windows\System32\ntlanman.dll
0x6dd00000 - 0x6dd17000 	C:\Windows\System32\davclnt.dll
0x6f1e0000 - 0x6f1e8000 	C:\Windows\System32\DAVHLPR.dll
0x71e90000 - 0x71e9f000 	C:\Windows\system32\wkscli.dll
0x74b70000 - 0x74b7b000 	C:\Windows\system32\cscapi.dll
0x71ec0000 - 0x71ec9000 	C:\Windows\system32\netutils.dll
0x6dc70000 - 0x6dcf9000 	C:\Windows\system32\PortableDeviceApi.dll
0x75540000 - 0x7556d000 	C:\Windows\syswow64\WINTRUST.dll
0x75410000 - 0x7552d000 	C:\Windows\syswow64\CRYPT32.dll
0x75400000 - 0x7540c000 	C:\Windows\syswow64\MSASN1.dll
0x6dbc0000 - 0x6dbe2000 	C:\Windows\system32\EhStorAPI.dll
0x73a00000 - 0x73a09000 	C:\Windows\system32\LINKINFO.dll
0x72c10000 - 0x72c26000 	C:\Windows\system32\CRYPTSP.dll
0x727c0000 - 0x727fb000 	C:\Windows\system32\rsaenh.dll
0x72ac0000 - 0x72ad7000 	C:\Windows\system32\USERENV.dll
0x749d0000 - 0x749e0000 	C:\Windows\system32\NLAapi.dll
0x72eb0000 - 0x72ec0000 	C:\Windows\system32\napinsp.dll
0x72e90000 - 0x72ea2000 	C:\Windows\system32\pnrpnsp.dll
0x72450000 - 0x72494000 	C:\Windows\system32\DNSAPI.dll
0x72390000 - 0x72398000 	C:\Windows\System32\winrnr.dll
0x74c30000 - 0x74c35000 	C:\Windows\System32\wshtcpip.dll
0x74c70000 - 0x74c8c000 	C:\Windows\system32\IPHLPAPI.DLL
0x74c60000 - 0x74c67000 	C:\Windows\system32\WINNSI.DLL
0x74bc0000 - 0x74bc6000 	C:\Windows\system32\rasadhlp.dll
0x74b80000 - 0x74bb8000 	C:\Windows\System32\fwpuclnt.dll
0x775b0000 - 0x775b5000 	C:\Windows\system32\PSAPI.DLL
0x74a80000 - 0x74b6b000 	C:\Windows\system32\dbghelp.dll

VM Arguments:
java_command: C:\Users\Clark\Dropbox\School\Sophomore\lab6-working-backup\JSIM\jsim.jar
Launcher Type: SUN_STANDARD

Environment Variables:
PATH=C:\Program Files (x86)\AMD APP\bin\x86_64;C:\Program Files (x86)\AMD APP\bin\x86;C:\Windows\system32;C:\Windows;C:\Windows\System32\Wbem;C:\Windows\System32\WindowsPowerShell\v1.0\;C:\Program Files (x86)\ATI Technologies\ATI.ACE\Core-Static;C:\Program Files\MATLAB\R2011b\bin
USERNAME=Clark
OS=Windows_NT
PROCESSOR_IDENTIFIER=AMD64 Family 15 Model 67 Stepping 3, AuthenticAMD



---------------  S Y S T E M  ---------------

OS: Windows 7 , 64 bit Build 7601 Service Pack 1

CPU:total 2 (2 cores per cpu, 1 threads per core) family 15 model 67 stepping 3, cmov, cx8, fxsr, mmx, sse, sse2, sse3, mmxext, 3dnow, 3dnowext

Memory: 4k page, physical 3145208k(1935660k free), swap 6288568k(3902776k free)

vm_info: Java HotSpot(TM) Client VM (20.4-b02) for windows-x86 JRE (1.6.0_29-b11), built on Oct  3 2011 01:01:08 by "java_re" with MS VC++ 7.1 (VS2003)

time: Fri Nov 11 16:09:16 2011
elapsed time: 80552 seconds

